<?xml version="1.0" encoding="UTF-8"?>
<testng-results skipped="0" failed="0" total="1" passed="1">
  <reporter-output>
  </reporter-output>
  <suite name="test" duration-ms="111673" started-at="2015-09-12T02:10:18Z" finished-at="2015-09-12T02:12:09Z">
    <groups>
    </groups>
    <test name="Default test" duration-ms="111673" started-at="2015-09-12T02:10:18Z" finished-at="2015-09-12T02:12:09Z">
      <class name="xero.test.me.TestTheTester">
        <test-method status="PASS" signature="setUp()[pri:0, instance:xero.test.me.TestTheTester@1134affc]" name="setUp" is-config="true" duration-ms="18591" started-at="2015-09-11T21:10:18Z" finished-at="2015-09-11T21:10:36Z">
          <reporter-output>
          </reporter-output>
        </test-method> <!-- setUp -->
        <test-method status="PASS" signature="testConfiguration()[pri:0, instance:xero.test.me.TestTheTester@1134affc]" name="testConfiguration" duration-ms="92985" started-at="2015-09-11T21:10:36Z" finished-at="2015-09-11T21:12:09Z">
          <reporter-output>
          </reporter-output>
        </test-method> <!-- testConfiguration -->
      </class> <!-- xero.test.me.TestTheTester -->
    </test> <!-- Default test -->
  </suite> <!-- test -->
</testng-results>
